<?xml version="1.0" encoding="UTF-8"?>
<!-- Generated by org.testng.reporters.JUnitReportReporter -->
<testsuite hostname="HyperX" failures="0" tests="1" name="tesstng_Fundamentals.SoftAssert" time="8.297" errors="0" timestamp="2021-12-05T16:46:35 EST" skipped="0">
  <testcase classname="tesstng_Fundamentals.SoftAssert" name="launchBroweser" time="8.297"/>
  <system-out/>
</testsuite> <!-- tesstng_Fundamentals.SoftAssert -->
