<?xml version="1.0" encoding="UTF-8"?>
<!-- Generated by org.testng.reporters.JUnitReportReporter -->
<testsuite hostname="HyperX" failures="0" tests="3" name="tesstng_Fundamentals.Enablement_Disablement" time="0.014" errors="0" timestamp="2021-11-27T21:18:49 EST" skipped="0">
  <testcase classname="tesstng_Fundamentals.Enablement_Disablement" name="logic" time="0.011"/>
  <system-out/>
  <testcase classname="tesstng_Fundamentals.Enablement_Disablement" name="logout" time="0.001"/>
  <system-out/>
  <testcase classname="tesstng_Fundamentals.Enablement_Disablement" name="login" time="0.002"/>
  <system-out/>
</testsuite> <!-- tesstng_Fundamentals.Enablement_Disablement -->
